%!Adobe-FontList 1.14
%Locale:0x409

%BeginFont
Handler:DirectoryHandler
FontType:TrueType
FontName:ArialMT
FamilyName:Arial
StyleName:Regular
MenuName:Arial
StyleBits:0
WeightClass:400
WidthClass:5
AngleClass:0
FullName:Arial
WritingScript:Roman
OutlineFileName:\Arial.ttf
DataFormat:sfntData
FileLength:773236
FileModTime:1405150349
%EndFont

%BeginFont
Handler:DirectoryHandler
FontType:TrueType
FontName:Helvetica
FamilyName:Helvetica
StyleName:Regular
MenuName:Helvetica
StyleBits:0
WeightClass:400
WidthClass:5
AngleClass:0
FullName:Helvetica
WritingScript:Roman
OutlineFileName:\Helvetica.dfont
DataFormat:sfntResource
ResourceID:25595
FileLength:2551248
FileModTime:1407492937
%EndFont

%BeginFont
Handler:DirectoryHandler
FontType:TrueType
FontName:Helvetica-Bold
FamilyName:Helvetica
StyleName:Bold
MenuName:Helvetica
StyleBits:2
WeightClass:700
WidthClass:5
AngleClass:0
FullName:Helvetica Bold
WritingScript:Roman
OutlineFileName:\Helvetica.dfont
DataFormat:sfntResource
ResourceID:28517
FileLength:2551248
FileModTime:1407492937
%EndFont

%BeginFont
Handler:DirectoryHandler
FontType:TrueType
FontName:Helvetica-Oblique
FamilyName:Helvetica
StyleName:Oblique
MenuName:Helvetica
StyleBits:1
WeightClass:400
WidthClass:5
AngleClass:1
FullName:Helvetica Oblique
WritingScript:Roman
OutlineFileName:\Helvetica.dfont
DataFormat:sfntResource
ResourceID:22365
FileLength:2551248
FileModTime:1407492937
%EndFont

%BeginFont
Handler:DirectoryHandler
FontType:TrueType
FontName:Helvetica-BoldOblique
FamilyName:Helvetica
StyleName:Bold Oblique
MenuName:Helvetica
StyleBits:3
WeightClass:700
WidthClass:5
AngleClass:1
FullName:Helvetica Bold Oblique
WritingScript:Roman
OutlineFileName:\Helvetica.dfont
DataFormat:sfntResource
ResourceID:6413
FileLength:2551248
FileModTime:1407492937
%EndFont

%BeginFont
Handler:DirectoryHandler
FontType:TrueType
FontName:Helvetica-Light
FamilyName:Helvetica
StyleName:Light
MenuName:Helvetica
StyleBits:0
WeightClass:300
WidthClass:5
AngleClass:0
FullName:Helvetica Light
WritingScript:Roman
OutlineFileName:\Helvetica.dfont
DataFormat:sfntResource
ResourceID:22375
FileLength:2551248
FileModTime:1407492937
%EndFont

%BeginFont
Handler:DirectoryHandler
FontType:TrueType
FontName:Helvetica-LightOblique
FamilyName:Helvetica
StyleName:Light Oblique
MenuName:Helvetica
StyleBits:1
WeightClass:300
WidthClass:5
AngleClass:1
FullName:Helvetica Light Oblique
WritingScript:Roman
OutlineFileName:\Helvetica.dfont
DataFormat:sfntResource
ResourceID:6513
FileLength:2551248
FileModTime:1407492937
%EndFont

%BeginFont
Handler:DirectoryHandler
FontType:Suitcase
FontName:Helvetica
OutlineFileName:\Helvetica.dfont
ResourceID:21
MacStyle:0
FileLength:2551248
FileModTime:1407492937
%EndFont

%BeginFont
Handler:DirectoryHandler
FontType:Suitcase
FontName:Helvetica-Bold
OutlineFileName:\Helvetica.dfont
ResourceID:21
MacStyle:1
FileLength:2551248
FileModTime:1407492937
%EndFont

%BeginFont
Handler:DirectoryHandler
FontType:Suitcase
FontName:Helvetica-Oblique
OutlineFileName:\Helvetica.dfont
ResourceID:21
MacStyle:2
FileLength:2551248
FileModTime:1407492937
%EndFont

%BeginFont
Handler:DirectoryHandler
FontType:Suitcase
FontName:Helvetica-BoldOblique
OutlineFileName:\Helvetica.dfont
ResourceID:21
MacStyle:3
FileLength:2551248
FileModTime:1407492937
%EndFont

%BeginFont
Handler:DirectoryHandler
FontType:Suitcase
FontName:Helvetica-Light
OutlineFileName:\Helvetica.dfont
ResourceID:211
MacStyle:0
FileLength:2551248
FileModTime:1407492937
%EndFont

%BeginFont
Handler:DirectoryHandler
FontType:Suitcase
FontName:Helvetica-LightOblique
OutlineFileName:\Helvetica.dfont
ResourceID:211
MacStyle:2
FileLength:2551248
FileModTime:1407492937
%EndFont

